<?xml version="1.0" encoding="UTF-8"?>
<testsuites name="jest tests" tests="13" failures="4" errors="0" time="21.739">
  <testsuite name="Test if frontend server works" errors="0" failures="4" skipped="0" timestamp="2024-12-20T12:56:16" time="21.24" tests="13">
    <testcase classname="Test if frontend server works It should respond with statuscode 200" name="Test if frontend server works It should respond with statuscode 200" time="0.028">
    </testcase>
    <testcase classname="Test the add path It should response the GET method" name="Test the add path It should response the GET method" time="0.01">
    </testcase>
    <testcase classname="Test the add logic It should respond with &apos;7&apos;" name="Test the add logic It should respond with &apos;7&apos;" time="0.006">
    </testcase>
    <testcase classname="Test the subtract path It should response the GET method" name="Test the subtract path It should response the GET method" time="0.006">
    </testcase>
    <testcase classname="Test the subtract logic It should respond with &apos;3&apos;" name="Test the subtract logic It should respond with &apos;3&apos;" time="0.007">
    </testcase>
    <testcase classname="Test the multiply path It should response the GET method" name="Test the multiply path It should response the GET method" time="0.004">
    </testcase>
    <testcase classname="Test the multiply logic It should respond with &apos;10&apos;" name="Test the multiply logic It should respond with &apos;10&apos;" time="0.005">
    </testcase>
    <testcase classname="Test the divide path It should response the GET method" name="Test the divide path It should response the GET method" time="0.004">
    </testcase>
    <testcase classname="Test the divide logic It should respond with &apos;5&apos;" name="Test the divide logic It should respond with &apos;5&apos;" time="0.013">
    </testcase>
    <testcase classname="Test if the add button is on the page There should be a button" name="Test if the add button is on the page There should be a button" time="5.011">
      <failure>TypeError: Cannot read properties of undefined (reading &apos;getByRole&apos;)
    at Object.&lt;anonymous&gt; (C:\Users\jan\Documents\Devopslabs\calculator-app-finished\tests\calculator.test.js:69:23)
    at Promise.then.completed (C:\Users\jan\Documents\Devopslabs\calculator-app-finished\node_modules\jest-circus\build\utils.js:380:26)
    at new Promise (&lt;anonymous&gt;)
    at callAsyncCircusFn (C:\Users\jan\Documents\Devopslabs\calculator-app-finished\node_modules\jest-circus\build\utils.js:315:10)
    at _callCircusTest (C:\Users\jan\Documents\Devopslabs\calculator-app-finished\node_modules\jest-circus\build\run.js:218:40)
    at processTicksAndRejections (node:internal/process/task_queues:105:5)
    at _runTest (C:\Users\jan\Documents\Devopslabs\calculator-app-finished\node_modules\jest-circus\build\run.js:155:3)
    at _runTestsForDescribeBlock (C:\Users\jan\Documents\Devopslabs\calculator-app-finished\node_modules\jest-circus\build\run.js:66:9)
    at _runTestsForDescribeBlock (C:\Users\jan\Documents\Devopslabs\calculator-app-finished\node_modules\jest-circus\build\run.js:60:9)
    at run (C:\Users\jan\Documents\Devopslabs\calculator-app-finished\node_modules\jest-circus\build\run.js:25:3)</failure>
      <failure>Error: thrown: &quot;Exceeded timeout of 5000 ms for a test.
Use jest.setTimeout(newTimeout) to increase the timeout value, if this is a long-running test.&quot;
    at C:\Users\jan\Documents\Devopslabs\calculator-app-finished\tests\calculator.test.js:68:3
    at _dispatchDescribe (C:\Users\jan\Documents\Devopslabs\calculator-app-finished\node_modules\jest-circus\build\index.js:97:26)
    at describe (C:\Users\jan\Documents\Devopslabs\calculator-app-finished\node_modules\jest-circus\build\index.js:60:5)
    at Object.&lt;anonymous&gt; (C:\Users\jan\Documents\Devopslabs\calculator-app-finished\tests\calculator.test.js:67:1)
    at Runtime._execModule (C:\Users\jan\Documents\Devopslabs\calculator-app-finished\node_modules\jest-runtime\build\index.js:1594:24)
    at Runtime._loadModule (C:\Users\jan\Documents\Devopslabs\calculator-app-finished\node_modules\jest-runtime\build\index.js:1157:12)
    at Runtime.requireModule (C:\Users\jan\Documents\Devopslabs\calculator-app-finished\node_modules\jest-runtime\build\index.js:989:12)
    at jestAdapter (C:\Users\jan\Documents\Devopslabs\calculator-app-finished\node_modules\jest-circus\build\legacy-code-todo-rewrite\jestAdapter.js:79:13)
    at processTicksAndRejections (node:internal/process/task_queues:105:5)
    at runTestInternal (C:\Users\jan\Documents\Devopslabs\calculator-app-finished\node_modules\jest-runner\build\runTest.js:389:16)</failure>
    </testcase>
    <testcase classname="Test if the subtract button is on the page There should be a button" name="Test if the subtract button is on the page There should be a button" time="5.015">
      <failure>TypeError: Cannot read properties of undefined (reading &apos;getByRole&apos;)
    at Object.&lt;anonymous&gt; (C:\Users\jan\Documents\Devopslabs\calculator-app-finished\tests\calculator.test.js:75:23)
    at Promise.then.completed (C:\Users\jan\Documents\Devopslabs\calculator-app-finished\node_modules\jest-circus\build\utils.js:380:26)
    at new Promise (&lt;anonymous&gt;)
    at callAsyncCircusFn (C:\Users\jan\Documents\Devopslabs\calculator-app-finished\node_modules\jest-circus\build\utils.js:315:10)
    at _callCircusTest (C:\Users\jan\Documents\Devopslabs\calculator-app-finished\node_modules\jest-circus\build\run.js:218:40)
    at _runTest (C:\Users\jan\Documents\Devopslabs\calculator-app-finished\node_modules\jest-circus\build\run.js:155:3)
    at _runTestsForDescribeBlock (C:\Users\jan\Documents\Devopslabs\calculator-app-finished\node_modules\jest-circus\build\run.js:66:9)
    at _runTestsForDescribeBlock (C:\Users\jan\Documents\Devopslabs\calculator-app-finished\node_modules\jest-circus\build\run.js:60:9)
    at run (C:\Users\jan\Documents\Devopslabs\calculator-app-finished\node_modules\jest-circus\build\run.js:25:3)
    at runAndTransformResultsToJestFormat (C:\Users\jan\Documents\Devopslabs\calculator-app-finished\node_modules\jest-circus\build\legacy-code-todo-rewrite\jestAdapterInit.js:167:21)</failure>
      <failure>Error: thrown: &quot;Exceeded timeout of 5000 ms for a test.
Use jest.setTimeout(newTimeout) to increase the timeout value, if this is a long-running test.&quot;
    at C:\Users\jan\Documents\Devopslabs\calculator-app-finished\tests\calculator.test.js:74:3
    at _dispatchDescribe (C:\Users\jan\Documents\Devopslabs\calculator-app-finished\node_modules\jest-circus\build\index.js:97:26)
    at describe (C:\Users\jan\Documents\Devopslabs\calculator-app-finished\node_modules\jest-circus\build\index.js:60:5)
    at Object.&lt;anonymous&gt; (C:\Users\jan\Documents\Devopslabs\calculator-app-finished\tests\calculator.test.js:73:1)
    at Runtime._execModule (C:\Users\jan\Documents\Devopslabs\calculator-app-finished\node_modules\jest-runtime\build\index.js:1594:24)
    at Runtime._loadModule (C:\Users\jan\Documents\Devopslabs\calculator-app-finished\node_modules\jest-runtime\build\index.js:1157:12)
    at Runtime.requireModule (C:\Users\jan\Documents\Devopslabs\calculator-app-finished\node_modules\jest-runtime\build\index.js:989:12)
    at jestAdapter (C:\Users\jan\Documents\Devopslabs\calculator-app-finished\node_modules\jest-circus\build\legacy-code-todo-rewrite\jestAdapter.js:79:13)
    at processTicksAndRejections (node:internal/process/task_queues:105:5)
    at runTestInternal (C:\Users\jan\Documents\Devopslabs\calculator-app-finished\node_modules\jest-runner\build\runTest.js:389:16)</failure>
    </testcase>
    <testcase classname="Test if the multiply button is on the page There should be a button" name="Test if the multiply button is on the page There should be a button" time="5.001">
      <failure>TypeError: Cannot read properties of undefined (reading &apos;getByRole&apos;)
    at Object.&lt;anonymous&gt; (C:\Users\jan\Documents\Devopslabs\calculator-app-finished\tests\calculator.test.js:81:23)
    at Promise.then.completed (C:\Users\jan\Documents\Devopslabs\calculator-app-finished\node_modules\jest-circus\build\utils.js:380:26)
    at new Promise (&lt;anonymous&gt;)
    at callAsyncCircusFn (C:\Users\jan\Documents\Devopslabs\calculator-app-finished\node_modules\jest-circus\build\utils.js:315:10)
    at _callCircusTest (C:\Users\jan\Documents\Devopslabs\calculator-app-finished\node_modules\jest-circus\build\run.js:218:40)
    at _runTest (C:\Users\jan\Documents\Devopslabs\calculator-app-finished\node_modules\jest-circus\build\run.js:155:3)
    at _runTestsForDescribeBlock (C:\Users\jan\Documents\Devopslabs\calculator-app-finished\node_modules\jest-circus\build\run.js:66:9)
    at _runTestsForDescribeBlock (C:\Users\jan\Documents\Devopslabs\calculator-app-finished\node_modules\jest-circus\build\run.js:60:9)
    at run (C:\Users\jan\Documents\Devopslabs\calculator-app-finished\node_modules\jest-circus\build\run.js:25:3)
    at runAndTransformResultsToJestFormat (C:\Users\jan\Documents\Devopslabs\calculator-app-finished\node_modules\jest-circus\build\legacy-code-todo-rewrite\jestAdapterInit.js:167:21)</failure>
      <failure>Error: thrown: &quot;Exceeded timeout of 5000 ms for a test.
Use jest.setTimeout(newTimeout) to increase the timeout value, if this is a long-running test.&quot;
    at C:\Users\jan\Documents\Devopslabs\calculator-app-finished\tests\calculator.test.js:80:3
    at _dispatchDescribe (C:\Users\jan\Documents\Devopslabs\calculator-app-finished\node_modules\jest-circus\build\index.js:97:26)
    at describe (C:\Users\jan\Documents\Devopslabs\calculator-app-finished\node_modules\jest-circus\build\index.js:60:5)
    at Object.&lt;anonymous&gt; (C:\Users\jan\Documents\Devopslabs\calculator-app-finished\tests\calculator.test.js:79:1)
    at Runtime._execModule (C:\Users\jan\Documents\Devopslabs\calculator-app-finished\node_modules\jest-runtime\build\index.js:1594:24)
    at Runtime._loadModule (C:\Users\jan\Documents\Devopslabs\calculator-app-finished\node_modules\jest-runtime\build\index.js:1157:12)
    at Runtime.requireModule (C:\Users\jan\Documents\Devopslabs\calculator-app-finished\node_modules\jest-runtime\build\index.js:989:12)
    at jestAdapter (C:\Users\jan\Documents\Devopslabs\calculator-app-finished\node_modules\jest-circus\build\legacy-code-todo-rewrite\jestAdapter.js:79:13)
    at processTicksAndRejections (node:internal/process/task_queues:105:5)
    at runTestInternal (C:\Users\jan\Documents\Devopslabs\calculator-app-finished\node_modules\jest-runner\build\runTest.js:389:16)</failure>
    </testcase>
    <testcase classname="Test if the devide button is on the page There should be a button" name="Test if the devide button is on the page There should be a button" time="5">
      <failure>TypeError: Cannot read properties of undefined (reading &apos;getByRole&apos;)
    at Object.&lt;anonymous&gt; (C:\Users\jan\Documents\Devopslabs\calculator-app-finished\tests\calculator.test.js:87:23)
    at Promise.then.completed (C:\Users\jan\Documents\Devopslabs\calculator-app-finished\node_modules\jest-circus\build\utils.js:380:26)
    at new Promise (&lt;anonymous&gt;)
    at callAsyncCircusFn (C:\Users\jan\Documents\Devopslabs\calculator-app-finished\node_modules\jest-circus\build\utils.js:315:10)
    at _callCircusTest (C:\Users\jan\Documents\Devopslabs\calculator-app-finished\node_modules\jest-circus\build\run.js:218:40)
    at _runTest (C:\Users\jan\Documents\Devopslabs\calculator-app-finished\node_modules\jest-circus\build\run.js:155:3)
    at _runTestsForDescribeBlock (C:\Users\jan\Documents\Devopslabs\calculator-app-finished\node_modules\jest-circus\build\run.js:66:9)
    at _runTestsForDescribeBlock (C:\Users\jan\Documents\Devopslabs\calculator-app-finished\node_modules\jest-circus\build\run.js:60:9)
    at run (C:\Users\jan\Documents\Devopslabs\calculator-app-finished\node_modules\jest-circus\build\run.js:25:3)
    at runAndTransformResultsToJestFormat (C:\Users\jan\Documents\Devopslabs\calculator-app-finished\node_modules\jest-circus\build\legacy-code-todo-rewrite\jestAdapterInit.js:167:21)</failure>
      <failure>Error: thrown: &quot;Exceeded timeout of 5000 ms for a test.
Use jest.setTimeout(newTimeout) to increase the timeout value, if this is a long-running test.&quot;
    at C:\Users\jan\Documents\Devopslabs\calculator-app-finished\tests\calculator.test.js:86:3
    at _dispatchDescribe (C:\Users\jan\Documents\Devopslabs\calculator-app-finished\node_modules\jest-circus\build\index.js:97:26)
    at describe (C:\Users\jan\Documents\Devopslabs\calculator-app-finished\node_modules\jest-circus\build\index.js:60:5)
    at Object.&lt;anonymous&gt; (C:\Users\jan\Documents\Devopslabs\calculator-app-finished\tests\calculator.test.js:85:1)
    at Runtime._execModule (C:\Users\jan\Documents\Devopslabs\calculator-app-finished\node_modules\jest-runtime\build\index.js:1594:24)
    at Runtime._loadModule (C:\Users\jan\Documents\Devopslabs\calculator-app-finished\node_modules\jest-runtime\build\index.js:1157:12)
    at Runtime.requireModule (C:\Users\jan\Documents\Devopslabs\calculator-app-finished\node_modules\jest-runtime\build\index.js:989:12)
    at jestAdapter (C:\Users\jan\Documents\Devopslabs\calculator-app-finished\node_modules\jest-circus\build\legacy-code-todo-rewrite\jestAdapter.js:79:13)
    at processTicksAndRejections (node:internal/process/task_queues:105:5)
    at runTestInternal (C:\Users\jan\Documents\Devopslabs\calculator-app-finished\node_modules\jest-runner\build\runTest.js:389:16)</failure>
    </testcase>
  </testsuite>
</testsuites>